d:\cad-viewer\basic_oc.d821335d\x64\debug\vc145.pdb
d:\cad-viewer\basic_oc.d821335d\x64\debug\vc145.idb
d:\cad-viewer\basic_oc.d821335d\x64\debug\glad.obj
d:\cad-viewer\basic_oc.d821335d\x64\debug\shader_utils.obj
d:\cad-viewer\basic_oc.d821335d\x64\debug\gl_mesh.obj
d:\cad-viewer\basic_oc.d821335d\x64\debug\gl_edge_quads.obj
d:\cad-viewer\basic_oc.d821335d\x64\debug\gl_edge_lines.obj
d:\cad-viewer\basic_oc.d821335d\x64\debug\font_render.obj
d:\cad-viewer\basic_oc.d821335d\x64\debug\edge_quad_builder.obj
d:\cad-viewer\basic_oc.d821335d\x64\debug\edge_line_builder.obj
d:\cad-viewer\basic_oc.d821335d\x64\debug\shape_topology.obj
d:\cad-viewer\basic_oc.d821335d\x64\debug\shape_gen.obj
d:\cad-viewer\basic_oc.d821335d\x64\debug\occt_edges.obj
d:\cad-viewer\basic_oc.d821335d\x64\debug\mesh_prep.obj
d:\cad-viewer\basic_oc.d821335d\x64\debug\mesh_edges.obj
d:\cad-viewer\basic_oc.d821335d\x64\debug\mesh_bounds.obj
d:\cad-viewer\basic_oc.d821335d\x64\debug\math3d.obj
d:\cad-viewer\basic_oc.d821335d\x64\debug\camera.obj
d:\cad-viewer\basic_oc.d821335d\x64\debug\viewer_gl.obj
d:\cad-viewer\basic_oc.d821335d\x64\debug\main.obj
d:\cad-viewer\x64\debug\poppins-regular.ttf
d:\cad-viewer\x64\debug\basic_occt_gl_viewer.exe
d:\cad-viewer\x64\debug\basic_occt_gl_viewer.pdb
d:\cad-viewer\x64\debug\basic_occt_gl_viewer.lib
d:\cad-viewer\x64\debug\basic_occt_gl_viewer.exp
d:\cad-viewer\basic_oc.d821335d\x64\debug\basic_occt_gl_viewer.ilk
d:\cad-viewer\basic_oc.d821335d\x64\debug\basic_oc.d821335d.tlog\cl.command.1.tlog
d:\cad-viewer\basic_oc.d821335d\x64\debug\basic_oc.d821335d.tlog\cl.items.tlog
d:\cad-viewer\basic_oc.d821335d\x64\debug\basic_oc.d821335d.tlog\cl.read.1.tlog
d:\cad-viewer\basic_oc.d821335d\x64\debug\basic_oc.d821335d.tlog\cl.write.1.tlog
d:\cad-viewer\basic_oc.d821335d\x64\debug\basic_oc.d821335d.tlog\copyfile.command.1.tlog
d:\cad-viewer\basic_oc.d821335d\x64\debug\basic_oc.d821335d.tlog\copyfile.read.1.tlog
d:\cad-viewer\basic_oc.d821335d\x64\debug\basic_oc.d821335d.tlog\copyfile.write.1.tlog
d:\cad-viewer\basic_oc.d821335d\x64\debug\basic_oc.d821335d.tlog\link.command.1.tlog
d:\cad-viewer\basic_oc.d821335d\x64\debug\basic_oc.d821335d.tlog\link.read.1.tlog
d:\cad-viewer\basic_oc.d821335d\x64\debug\basic_oc.d821335d.tlog\link.secondary.1.tlog
d:\cad-viewer\basic_oc.d821335d\x64\debug\basic_oc.d821335d.tlog\link.write.1.tlog
