  main.cpp
  viewer_gl.cpp
  camera.cpp
  math3d.cpp
  mesh_bounds.cpp
  mesh_edges.cpp
  mesh_prep.cpp
  occt_edges.cpp
  shape_gen.cpp
  shape_topology.cpp
  edge_line_builder.cpp
  gl_edge_lines.cpp
  gl_mesh.cpp
  shader_utils.cpp
  Generating Code...
  glad.c
     Creating library C:\Users\Beauvais\Desktop\basic_occt_gl_viewer\x64\Debug\basic_occt_gl_viewer.lib and object C:\Users\Beauvais\Desktop\basic_occt_gl_viewer\x64\Debug\basic_occt_gl_viewer.exp
  basic_occt_gl_viewer.vcxproj -> C:\Users\Beauvais\Desktop\basic_occt_gl_viewer\x64\Debug\basic_occt_gl_viewer.exe
  'pwsh.exe' is not recognized as an internal or external command,
  operable program or batch file.
