c:\users\beauvais\desktop\dev\projects\dev_projects\basic_occt_gl_viewer\basic_oc.d821335d\x64\release\vc143.pdb
c:\users\beauvais\desktop\dev\projects\dev_projects\basic_occt_gl_viewer\basic_oc.d821335d\x64\release\shader_utils.obj
c:\users\beauvais\desktop\dev\projects\dev_projects\basic_occt_gl_viewer\basic_oc.d821335d\x64\release\gl_mesh.obj
c:\users\beauvais\desktop\dev\projects\dev_projects\basic_occt_gl_viewer\basic_oc.d821335d\x64\release\shape_gen.obj
c:\users\beauvais\desktop\dev\projects\dev_projects\basic_occt_gl_viewer\basic_oc.d821335d\x64\release\mesh_prep.obj
c:\users\beauvais\desktop\dev\projects\dev_projects\basic_occt_gl_viewer\basic_oc.d821335d\x64\release\math3d.obj
c:\users\beauvais\desktop\dev\projects\dev_projects\basic_occt_gl_viewer\basic_oc.d821335d\x64\release\viewer_gl.obj
c:\users\beauvais\desktop\dev\projects\dev_projects\basic_occt_gl_viewer\basic_oc.d821335d\x64\release\main.obj
c:\users\beauvais\desktop\dev\projects\dev_projects\basic_occt_gl_viewer\basic_oc.d821335d\x64\release\mesh_bounds.obj
c:\users\beauvais\desktop\dev\projects\dev_projects\basic_occt_gl_viewer\basic_oc.d821335d\x64\release\camera.obj
c:\users\beauvais\desktop\dev\projects\dev_projects\basic_occt_gl_viewer\basic_oc.d821335d\x64\release\glad.obj
c:\users\beauvais\desktop\dev\projects\dev_projects\basic_occt_gl_viewer\x64\release\basic_occt_gl_viewer.exe
c:\users\beauvais\desktop\dev\projects\dev_projects\basic_occt_gl_viewer\x64\release\basic_occt_gl_viewer.pdb
c:\users\beauvais\desktop\dev\projects\dev_projects\basic_occt_gl_viewer\x64\release\basic_occt_gl_viewer.lib
c:\users\beauvais\desktop\dev\projects\dev_projects\basic_occt_gl_viewer\x64\release\basic_occt_gl_viewer.exp
c:\users\beauvais\desktop\dev\projects\dev_projects\basic_occt_gl_viewer\basic_oc.d821335d\x64\release\basic_occt_gl_viewer.ipdb
c:\users\beauvais\desktop\dev\projects\dev_projects\basic_occt_gl_viewer\basic_oc.d821335d\x64\release\basic_occt_gl_viewer.iobj
c:\users\beauvais\desktop\dev\projects\dev_projects\basic_occt_gl_viewer\basic_oc.d821335d\x64\release\basic_oc.d821335d.tlog\cl.command.1.tlog
c:\users\beauvais\desktop\dev\projects\dev_projects\basic_occt_gl_viewer\basic_oc.d821335d\x64\release\basic_oc.d821335d.tlog\cl.items.tlog
c:\users\beauvais\desktop\dev\projects\dev_projects\basic_occt_gl_viewer\basic_oc.d821335d\x64\release\basic_oc.d821335d.tlog\cl.read.1.tlog
c:\users\beauvais\desktop\dev\projects\dev_projects\basic_occt_gl_viewer\basic_oc.d821335d\x64\release\basic_oc.d821335d.tlog\cl.write.1.tlog
c:\users\beauvais\desktop\dev\projects\dev_projects\basic_occt_gl_viewer\basic_oc.d821335d\x64\release\basic_oc.d821335d.tlog\link.command.1.tlog
c:\users\beauvais\desktop\dev\projects\dev_projects\basic_occt_gl_viewer\basic_oc.d821335d\x64\release\basic_oc.d821335d.tlog\link.read.1.tlog
c:\users\beauvais\desktop\dev\projects\dev_projects\basic_occt_gl_viewer\basic_oc.d821335d\x64\release\basic_oc.d821335d.tlog\link.secondary.1.tlog
c:\users\beauvais\desktop\dev\projects\dev_projects\basic_occt_gl_viewer\basic_oc.d821335d\x64\release\basic_oc.d821335d.tlog\link.write.1.tlog
