  main.cpp
  viewer_gl.cpp
  camera.cpp
  math3d.cpp
  mesh_bounds.cpp
  mesh_edges.cpp
  mesh_prep.cpp
  occt_edges.cpp
  shape_gen.cpp
  shape_topology.cpp
  edge_line_builder.cpp
  gl_edge_lines.cpp
  gl_mesh.cpp
  shader_utils.cpp
  glad.c
     Creating library C:\Users\Beauvais\Desktop\basic_occt_gl_viewer\x64\Release\basic_occt_gl_viewer.lib and object C:\Users\Beauvais\Desktop\basic_occt_gl_viewer\x64\Release\basic_occt_gl_viewer.exp
LINK : warning LNK4098: defaultlib 'MSVCRTD' conflicts with use of other libs; use /NODEFAULTLIB:library
  Generating code
  1265 of 1284 functions (98.5%) were compiled, the rest were copied from previous compilation.
    11 functions were new in current compilation
    1 functions had inline decision re-evaluated but remain unchanged
  Finished generating code
  basic_occt_gl_viewer.vcxproj -> C:\Users\Beauvais\Desktop\basic_occt_gl_viewer\x64\Release\basic_occt_gl_viewer.exe
  'pwsh.exe' is not recognized as an internal or external command,
  operable program or batch file.
